<?xml version="1.0" encoding="UTF-8"?>
<testsuite name="com.obscura.security.BackupCryptoUtilsTest" tests="6" skipped="0" failures="0" errors="0" timestamp="2026-09-15T13:18:28.138Z" hostname="PALADINCHIK" time="0.276">
  <properties/>
  <testcase name="wrongPasswordIsReportedAsSecurityFailure" classname="com.obscura.security.BackupCryptoUtilsTest" time="0.091"/>
  <testcase name="otherFormatVersionIsReportedBeforeThePasswordIsChecked" classname="com.obscura.security.BackupCryptoUtilsTest" time="0.032"/>
  <testcase name="roundTrip" classname="com.obscura.security.BackupCryptoUtilsTest" time="0.066"/>
  <testcase name="fileStartsWithMagicAndFormatVersion" classname="com.obscura.security.BackupCryptoUtilsTest" time="0.032"/>
  <testcase name="headerIsAuthenticated" classname="com.obscura.security.BackupCryptoUtilsTest" time="0.055"/>
  <testcase name="foreignFileIsNotMistakenForWrongPassword" classname="com.obscura.security.BackupCryptoUtilsTest" time="0.0"/>
  <system-out><![CDATA[]]></system-out>
  <system-err><![CDATA[]]></system-err>
</testsuite>
