<?xml version="1.0" encoding="UTF-8"?>
<testsuite name="com.obscura.security.DatabaseKeyTest" tests="4" skipped="0" failures="0" errors="0" timestamp="2026-09-15T13:18:28.416Z" hostname="PALADINCHIK" time="0.004">
  <properties/>
  <testcase name="derivationLeavesTheDekIntact" classname="com.obscura.security.DatabaseKeyTest" time="0.001"/>
  <testcase name="databaseKeyIsNotTheDek" classname="com.obscura.security.DatabaseKeyTest" time="0.001"/>
  <testcase name="rawKeyIsSqlCipherBlobLiteral" classname="com.obscura.security.DatabaseKeyTest" time="0.001"/>
  <testcase name="v1KeyIsPinned" classname="com.obscura.security.DatabaseKeyTest" time="0.0"/>
  <system-out><![CDATA[]]></system-out>
  <system-err><![CDATA[]]></system-err>
</testsuite>
