<?xml version="1.0" encoding="UTF-8"?>
<testsuite name="com.obscura.security.VaultSessionTest" tests="7" skipped="0" failures="0" errors="0" timestamp="2026-09-15T13:18:28.425Z" hostname="PALADINCHIK" time="0.345">
  <properties/>
  <testcase name="databaseIsOnlyReachableFromSessionScope" classname="com.obscura.security.VaultSessionTest" time="0.003"/>
  <testcase name="lockFromInsideSessionScopeIsRejected" classname="com.obscura.security.VaultSessionTest" time="0.004"/>
  <testcase name="workIsRefusedWhileLocked" classname="com.obscura.security.VaultSessionTest" time="0.002"/>
  <testcase name="lockWaitsForRunningQueryBeforeClosingDatabase" classname="com.obscura.security.VaultSessionTest" time="0.304"/>
  <testcase name="runInSessionFailsWithVaultLockedWhenLockedMidway" classname="com.obscura.security.VaultSessionTest" time="0.004"/>
  <testcase name="observeCompletesWhenVaultLocks" classname="com.obscura.security.VaultSessionTest" time="0.026"/>
  <testcase name="observeWhileLockedCompletesWithoutEmitting" classname="com.obscura.security.VaultSessionTest" time="0.001"/>
  <system-out><![CDATA[]]></system-out>
  <system-err><![CDATA[]]></system-err>
</testsuite>
